<?xml version="1.0" encoding="UTF-8"?>
<!-- Generated by org.testng.reporters.JUnitReportReporter -->
<testsuite hostname="adminoms1-PC" name="com.jackfruit.billbook.scripts.LoginLogoutTest" tests="1" failures="0" timestamp="22 Mar 2018 09:36:33 GMT" time="35.433" errors="0">
  <testcase name="testAutoLoginLogout1" time="35.433" classname="com.jackfruit.billbook.scripts.LoginLogoutTest"/>
</testsuite> <!-- com.jackfruit.billbook.scripts.LoginLogoutTest -->
