<?xml version="1.0" encoding="UTF-8"?>
<!-- Generated by org.testng.reporters.JUnitReportReporter -->
<testsuite hostname="adminoms1-PC" name="com.jackfruit.billbook.scripts.BBAddStandardCommodity" tests="1" failures="0" timestamp="17 Apr 2018 05:50:30 GMT" time="62.951" errors="0">
  <testcase name="testAddStandardCommodity" time="62.951" classname="com.jackfruit.billbook.scripts.BBAddStandardCommodity"/>
</testsuite> <!-- com.jackfruit.billbook.scripts.BBAddStandardCommodity -->
